<?xml version="1.0" encoding="UTF-8"?>
<testng-results ignored="4" total="6" passed="2" failed="0" skipped="0">
  <reporter-output>
  </reporter-output>
  <suite started-at="2019-02-17T12:49:49Z" name="Suite" finished-at="2019-02-17T12:50:38Z" duration-ms="48748">
    <groups>
    </groups>
    <test started-at="2019-02-17T12:49:49Z" name="Test" finished-at="2019-02-17T12:50:38Z" duration-ms="48748">
      <class name="testcases.TC002">
        <test-method is-config="true" signature="setUp()[pri:0, instance:testcases.TC002@73e9cf30]" started-at="2019-02-17T12:50:25Z" name="setUp" finished-at="2019-02-17T12:50:32Z" duration-ms="7202" status="PASS">
          <reporter-output>
          </reporter-output>
        </test-method> <!-- setUp -->
        <test-method signature="runTest()[pri:0, instance:testcases.TC002@73e9cf30]" started-at="2019-02-17T12:50:32Z" name="runTest" finished-at="2019-02-17T12:50:35Z" duration-ms="2782" status="PASS">
          <reporter-output>
          </reporter-output>
        </test-method> <!-- runTest -->
        <test-method is-config="true" signature="tearDown()[pri:0, instance:testcases.TC002@73e9cf30]" started-at="2019-02-17T12:50:35Z" name="tearDown" finished-at="2019-02-17T12:50:38Z" duration-ms="3215" status="PASS">
          <reporter-output>
          </reporter-output>
        </test-method> <!-- tearDown -->
      </class> <!-- testcases.TC002 -->
      <class name="testcases.TC001">
        <test-method is-config="true" signature="initiateSuite()[pri:0, instance:testcases.TC001@272113c4]" started-at="2019-02-17T12:49:49Z" name="initiateSuite" finished-at="2019-02-17T12:49:49Z" duration-ms="537" status="PASS">
          <reporter-output>
          </reporter-output>
        </test-method> <!-- initiateSuite -->
        <test-method is-config="true" signature="setUp()[pri:0, instance:testcases.TC001@272113c4]" started-at="2019-02-17T12:49:49Z" name="setUp" finished-at="2019-02-17T12:50:01Z" duration-ms="12143" status="PASS">
          <reporter-output>
          </reporter-output>
        </test-method> <!-- setUp -->
        <test-method signature="runTest()[pri:0, instance:testcases.TC001@272113c4]" started-at="2019-02-17T12:50:01Z" name="runTest" finished-at="2019-02-17T12:50:21Z" duration-ms="19220" status="PASS">
          <reporter-output>
          </reporter-output>
        </test-method> <!-- runTest -->
        <test-method is-config="true" signature="tearDown()[pri:0, instance:testcases.TC001@272113c4]" started-at="2019-02-17T12:50:21Z" name="tearDown" finished-at="2019-02-17T12:50:25Z" duration-ms="3245" status="PASS">
          <reporter-output>
          </reporter-output>
        </test-method> <!-- tearDown -->
        <test-method is-config="true" signature="closeSuite()[pri:0, instance:testcases.TC001@272113c4]" started-at="2019-02-17T12:50:38Z" name="closeSuite" finished-at="2019-02-17T12:50:38Z" duration-ms="1" status="PASS">
          <reporter-output>
          </reporter-output>
        </test-method> <!-- closeSuite -->
      </class> <!-- testcases.TC001 -->
    </test> <!-- Test -->
  </suite> <!-- Suite -->
</testng-results>
