<?xml version="1.0" encoding="UTF-8"?>
<!-- Generated by org.testng.reporters.JUnitXMLReporter -->
<testsuite hostname="Supri-PC" ignored="2" name="Test" tests="2" failures="1" timestamp="17 Oct 2018 06:34:01 GMT" time="120.423" errors="0">
  <testcase name="runTest" time="0.153" classname="testcases.TC001">
    <skipped/>
  </testcase> <!-- runTest -->
  <testcase name="runTest" time="0.008" classname="testcases.TC001">
    <failure type="java.lang.NullPointerException">
      <![CDATA[java.lang.NullPointerException
at com.org.excelproject.myexcelproject.DriverScript.m_mainDriver(DriverScript.java:113)
at testcases.TC001.runTest(TC001.java:13)
... Removed 25 stack frames]]>
    </failure>
  </testcase> <!-- runTest -->
  <testcase name="@AfterSuite closeSuite" time="0.0" classname="com.org.excelproject.myexcelproject.BaseTest">
    <ignored/>
  </testcase> <!-- @AfterSuite closeSuite -->
  <testcase name="@BeforeSuite initiateSuite" time="0.0" classname="com.org.excelproject.myexcelproject.BaseTest">
    <ignored/>
  </testcase> <!-- @BeforeSuite initiateSuite -->
</testsuite> <!-- Test -->
