<?xml version="1.0" encoding="UTF-8"?>
<!-- Generated by org.testng.reporters.JUnitXMLReporter -->
<testsuite ignored="2" hostname="BDC8-LX-72309K9" failures="0" tests="1" name="Test" time="9.898" errors="0" timestamp="18 Oct 2018 11:15:20 GMT">
  <testcase classname="testcases.TC001" name="runTest" time="1.794"/>
  <testcase classname="com.org.excelproject.myexcelproject.BaseTest" name="@AfterSuite closeSuite" time="0.0">
    <ignored/>
  </testcase> <!-- @AfterSuite closeSuite -->
  <testcase classname="com.org.excelproject.myexcelproject.BaseTest" name="@BeforeSuite initiateSuite" time="0.0">
    <ignored/>
  </testcase> <!-- @BeforeSuite initiateSuite -->
</testsuite> <!-- Test -->
